2025-09-01 14:42:15,271 [INFO] app: [TEMPLATE] Connecting to sheet sid=1E56YZ0P5s1HNlr_3We1JgGM-bdRKLa1ORqiXXlArnO4 ws=Signin
2025-09-01 14:42:18,097 [INFO] app: [TEMPLATE] Headers ensured via client._ensure_headers: ['id', 'name', 'SELLER', 'Salon', 'Licence']
2025-09-01 14:42:29,111 [INFO] app: [TEMPLATE] Connecting to sheet sid=1E56YZ0P5s1HNlr_3We1JgGM-bdRKLa1ORqiXXlArnO4 ws=名單
2025-09-01 14:42:32,487 [INFO] app: [TEMPLATE] Headers ensured via client._ensure_headers: ['id', 'name', 'SELLER', 'Salon', 'Licence']
2025-09-01 14:43:55,313 [INFO] app: [TEMPLATE] Connecting to sheet sid=1E56YZ0P5s1HNlr_3We1JgGM-bdRKLa1ORqiXXlArnO4 ws=名單
2025-09-01 14:43:59,054 [INFO] app: [TEMPLATE] Headers ensured via client._ensure_headers: ['id', 'name', 'SELLER', 'Salon', 'Licence']
2025-09-01 14:46:44,125 [INFO] app: [TEMPLATE] Connecting to sheet sid=1E56YZ0P5s1HNlr_3We1JgGM-bdRKLa1ORqiXXlArnO4 ws=Signin
2025-09-01 14:46:47,194 [INFO] app: [TEMPLATE] Headers written exactly: ['ID', 'NAME', 'SELLER', 'SALON']
2025-09-01 14:50:21,068 [INFO] app: [TEMPLATE] Connecting to sheet sid=1E56YZ0P5s1HNlr_3We1JgGM-bdRKLa1ORqiXXlArnO4 ws=Signin
2025-09-01 14:50:23,767 [INFO] app: [TEMPLATE] Headers written exactly: ['ID', 'NAME', 'SELLER', 'SALON']
2025-09-01 14:50:37,102 [INFO] app: [TEMPLATE] Connecting to sheet sid=1E56YZ0P5s1HNlr_3We1JgGM-bdRKLa1ORqiXXlArnO4 ws=Signin
2025-09-01 14:50:39,365 [INFO] app: [TEMPLATE] Headers written exactly: ['ID', 'NAME', 'SELLER', 'SALON']
2025-09-01 14:50:48,296 [INFO] app: [TEMPLATE] Connecting to sheet sid=1E56YZ0P5s1HNlr_3We1JgGM-bdRKLa1ORqiXXlArnO4 ws=Signin
2025-09-01 14:50:50,867 [INFO] app: [TEMPLATE] Headers written exactly: ['ID', 'NAME', 'SELLER', 'SALON', 'MAIL']
2025-09-01 14:50:57,040 [INFO] app: [TEMPLATE] Connecting to sheet sid=1E56YZ0P5s1HNlr_3We1JgGM-bdRKLa1ORqiXXlArnO4 ws=Signin
2025-09-01 14:50:59,262 [INFO] app: [TEMPLATE] Headers written exactly: ['ID', 'NAME', 'SELLER', 'SALON', 'MAIL']
2025-09-01 14:51:07,096 [INFO] app: [TEMPLATE] Connecting to sheet sid=1E56YZ0P5s1HNlr_3We1JgGM-bdRKLa1ORqiXXlArnO4 ws=Signin
2025-09-01 14:51:09,364 [INFO] app: [TEMPLATE] Headers written exactly: ['ID', 'NAME', 'SELLER', 'SALON', 'MAIL']
2025-09-01 15:04:23,149 [INFO] app: [TEMPLATE] Connecting to sheet sid=1E56YZ0P5s1HNlr_3We1JgGM-bdRKLa1ORqiXXlArnO4 ws=表單回應 2
2025-09-01 15:04:25,754 [INFO] app: [TEMPLATE] Headers written exactly: ['ID', 'NAME', 'SELLER', 'SALON', 'MAIL']
2025-09-01 15:05:58,842 [INFO] app: [TEMPLATE] Connecting to sheet sid=1E56YZ0P5s1HNlr_3We1JgGM-bdRKLa1ORqiXXlArnO4 ws=Signin
2025-09-01 15:06:01,751 [INFO] app: [TEMPLATE] Headers written exactly: ['ID', 'NAME', 'SELLER', 'SALON', 'MAIL']
